\BOOKMARK [0][-]{chapter*.2}{Table des mati\350res}{}% 1
\BOOKMARK [0][-]{chapter*.3}{Introduction}{}% 2
\BOOKMARK [1][-]{section*.4}{Pr\351sentation du projet}{chapter*.3}% 3
\BOOKMARK [0][-]{chapter.1}{Architecture du site web}{}% 4
\BOOKMARK [1][-]{section.1.1}{architecture grossi\350re}{chapter.1}% 5
\BOOKMARK [1][-]{section.1.2}{explications morceaux de fichiers}{chapter.1}% 6
\BOOKMARK [1][-]{section.1.3}{Choix de la base de donn\351es}{chapter.1}% 7
\BOOKMARK [1][-]{section.1.4}{Mod\350le Entit\351-Association}{chapter.1}% 8
\BOOKMARK [0][-]{chapter.2}{Accueil et Navigation}{}% 9
\BOOKMARK [1][-]{section.2.1}{Les composants de la page d'accueil}{chapter.2}% 10
\BOOKMARK [1][-]{section.2.2}{La barre de navigation}{chapter.2}% 11
\BOOKMARK [2][-]{subsection.2.2.1}{mise en place d'une recherche auto-compl\351t\351e}{section.2.2}% 12
\BOOKMARK [0][-]{chapter.3}{Acc\350s utilisateurs}{}% 13
\BOOKMARK [1][-]{section.3.1}{Inscription ou Connexion sur DodoCin\351}{chapter.3}% 14
\BOOKMARK [1][-]{section.3.2}{L'espace membre associ\351 \340 un compte}{chapter.3}% 15
\BOOKMARK [2][-]{subsection.3.2.1}{Rappels des notes et des messages post\351s}{section.3.2}% 16
\BOOKMARK [2][-]{subsection.3.2.2}{Param\350tres du compte}{section.3.2}% 17
\BOOKMARK [0][-]{chapter.4}{Pr\351sentation des films}{}% 18
\BOOKMARK [1][-]{section.4.1}{Pr\351sentation des films disponibles sur le site}{chapter.4}% 19
\BOOKMARK [1][-]{section.4.2}{Page de pr\351sentation d'un film}{chapter.4}% 20
\BOOKMARK [2][-]{subsection.4.2.1}{Construction du syst\350me de notation des films}{section.4.2}% 21
\BOOKMARK [3][-]{subsubsection.4.2.1.1}{Mise en place du syst\350me de notation pour l'utilisateur}{subsection.4.2.1}% 22
\BOOKMARK [2][-]{subsection.4.2.2}{Fonctions suppl\351mentaires:}{section.4.2}% 23
\BOOKMARK [2][-]{subsection.4.2.3}{Gestion du forum relatif au film}{section.4.2}% 24
\BOOKMARK [0][-]{chapter*.5}{Conclusion}{}% 25
